Started by user [8mha:////4OXCIEryVUcqTjhaMi+0DlcdQeGRXGy8goGMHIrJ0LBkAAAAmh+LCAAAAAAAAP9b85aBtbiIQTGjNKU4P08vOT+vOD8nVc83PyU1x6OyILUoJzMv2y+/JJUBAhiZGBgqihhk0NSjKDWzXb3RdlLBUSYGJk8GtpzUvPSSDB8G5tKinBIGIZ+sxLJE/ZzEvHT94JKizLx0a6BxUmjGOUNodHsLgAypEgY+/dLi1CL9xKLk0ryUzHwAYuwuDcMAAAA=[0mSantiago Arciniegas Cortes
org.codehaus.groovy.control.MultipleCompilationErrorsException: startup failed:
WorkflowScript: 5: Environment variable values must either be single quoted, double quoted, or function calls. @ line 5, column 24.
           SERVICE_NAME = pytest
                          ^

WorkflowScript: 9: Unknown stage section "sh". Starting with version 0.5, steps in a stage must be in a â€˜stepsâ€™ block. @ line 9, column 9.
           stage("Running .sh") {
           ^

WorkflowScript: 9: Expected one of "steps", "stages", or "parallel" for stage "Running .sh" @ line 9, column 9.
           stage("Running .sh") {
           ^

WorkflowScript: 4: No variables specified for environment @ line 4, column 5.
       environment {
       ^

4 errors

	at org.codehaus.groovy.control.ErrorCollector.failIfErrors(ErrorCollector.java:309)
	at org.codehaus.groovy.control.CompilationUnit.applyToPrimaryClassNodes(CompilationUnit.java:1107)
	at org.codehaus.groovy.control.CompilationUnit.doPhaseOperation(CompilationUnit.java:624)
	at org.codehaus.groovy.control.CompilationUnit.processPhaseOperations(CompilationUnit.java:602)
	at org.codehaus.groovy.control.CompilationUnit.compile(CompilationUnit.java:579)
	at groovy.lang.GroovyClassLoader.doParseClass(GroovyClassLoader.java:323)
	at groovy.lang.GroovyClassLoader.parseClass(GroovyClassLoader.java:293)
	at org.jenkinsci.plugins.scriptsecurity.sandbox.groovy.GroovySandbox$Scope.parse(GroovySandbox.java:163)
	at org.jenkinsci.plugins.workflow.cps.CpsGroovyShell.doParse(CpsGroovyShell.java:190)
	at org.jenkinsci.plugins.workflow.cps.CpsGroovyShell.reparse(CpsGroovyShell.java:175)
	at org.jenkinsci.plugins.workflow.cps.CpsFlowExecution.parseScript(CpsFlowExecution.java:635)
	at org.jenkinsci.plugins.workflow.cps.CpsFlowExecution.start(CpsFlowExecution.java:581)
	at org.jenkinsci.plugins.workflow.job.WorkflowRun.run(WorkflowRun.java:335)
	at hudson.model.ResourceController.execute(ResourceController.java:101)
	at hudson.model.Executor.run(Executor.java:442)
Finished: FAILURE
